TN:
SF:src/api/api.handlers.ts
FN:30,(anonymous_0)
FN:46,(anonymous_1)
FN:63,(anonymous_2)
FN:81,(anonymous_3)
FN:98,(anonymous_4)
FN:115,(anonymous_5)
FN:133,(anonymous_6)
FNF:7
FNH:0
FNDA:0,(anonymous_0)
FNDA:0,(anonymous_1)
FNDA:0,(anonymous_2)
FNDA:0,(anonymous_3)
FNDA:0,(anonymous_4)
FNDA:0,(anonymous_5)
FNDA:0,(anonymous_6)
DA:18,0
DA:31,0
DA:50,0
DA:51,0
DA:52,0
DA:54,0
DA:67,0
DA:68,0
DA:69,0
DA:70,0
DA:72,0
DA:85,0
DA:86,0
DA:87,0
DA:89,0
DA:102,0
DA:103,0
DA:104,0
DA:106,0
DA:119,0
DA:120,0
DA:121,0
DA:122,0
DA:124,0
DA:137,0
DA:138,0
DA:139,0
DA:140,0
DA:142,0
LF:29
LH:0
BRDA:51,0,0,0
BRDA:51,0,1,0
BRDA:69,1,0,0
BRDA:69,1,1,0
BRDA:86,2,0,0
BRDA:86,2,1,0
BRDA:103,3,0,0
BRDA:103,3,1,0
BRDA:121,4,0,0
BRDA:121,4,1,0
BRDA:139,5,0,0
BRDA:139,5,1,0
BRF:12
BRH:0
end_of_record
TN:
SF:src/api/adapters/route.adapter.ts
FN:21,(anonymous_0)
FNF:1
FNH:0
FNDA:0,(anonymous_0)
DA:21,0
DA:42,0
DA:48,0
DA:54,0
DA:60,0
DA:66,0
DA:72,0
LF:7
LH:0
BRDA:44,0,0,0
BRDA:44,0,1,0
BRDA:50,1,0,0
BRDA:50,1,1,0
BRDA:56,2,0,0
BRDA:56,2,1,0
BRDA:62,3,0,0
BRDA:62,3,1,0
BRDA:68,4,0,0
BRDA:68,4,1,0
BRF:10
BRH:0
end_of_record
TN:
SF:src/repositories/repository.interface.ts
FN:82,(anonymous_0)
FNF:1
FNH:0
FNDA:0,(anonymous_0)
DA:77,0
DA:82,0
LF:2
LH:0
BRF:0
BRH:0
end_of_record
TN:
SF:src/services/base.service.ts
FN:27,(anonymous_0)
FN:35,(anonymous_1)
FN:38,(anonymous_2)
FN:54,(anonymous_3)
FN:81,(anonymous_4)
FN:101,(anonymous_5)
FN:129,(anonymous_6)
FN:164,(anonymous_7)
FN:190,(anonymous_8)
FN:216,(anonymous_9)
FN:241,(anonymous_10)
FN:259,(anonymous_11)
FN:269,(anonymous_12)
FNF:13
FNH:11
FNDA:30,(anonymous_0)
FNDA:4,(anonymous_1)
FNDA:4,(anonymous_2)
FNDA:3,(anonymous_3)
FNDA:3,(anonymous_4)
FNDA:5,(anonymous_5)
FNDA:4,(anonymous_6)
FNDA:2,(anonymous_7)
FNDA:3,(anonymous_8)
FNDA:2,(anonymous_9)
FNDA:2,(anonymous_10)
FNDA:0,(anonymous_11)
FNDA:0,(anonymous_12)
DA:1,1
DA:16,1
DA:27,30
DA:36,4
DA:37,4
DA:38,4
DA:39,3
DA:41,1
DA:55,3
DA:56,3
DA:57,2
DA:58,1
DA:65,1
DA:66,1
DA:68,1
DA:82,3
DA:83,3
DA:84,2
DA:85,1
DA:86,1
DA:88,1
DA:102,5
DA:104,5
DA:105,2
DA:111,3
DA:112,2
DA:113,2
DA:115,1
DA:130,4
DA:132,4
DA:133,1
DA:139,3
DA:140,2
DA:141,1
DA:148,1
DA:149,1
DA:151,1
DA:165,2
DA:166,2
DA:167,2
DA:168,1
DA:175,1
DA:177,0
DA:191,3
DA:192,3
DA:193,2
DA:194,1
DA:201,1
DA:203,1
DA:217,2
DA:218,2
DA:219,2
DA:220,1
DA:227,1
DA:229,0
DA:242,2
DA:243,2
DA:244,1
DA:246,1
DA:261,0
DA:271,0
LF:61
LH:57
BRDA:43,0,0,1
BRDA:43,0,1,0
BRDA:57,1,0,1
BRDA:57,1,1,1
BRDA:70,2,0,1
BRDA:70,2,1,0
BRDA:84,3,0,1
BRDA:84,3,1,1
BRDA:90,4,0,1
BRDA:90,4,1,0
BRDA:104,5,0,2
BRDA:104,5,1,3
BRDA:104,6,0,5
BRDA:104,6,1,3
BRDA:117,7,0,1
BRDA:117,7,1,0
BRDA:132,8,0,1
BRDA:132,8,1,3
BRDA:132,9,0,4
BRDA:132,9,1,4
BRDA:140,10,0,1
BRDA:140,10,1,1
BRDA:153,11,0,1
BRDA:153,11,1,0
BRDA:167,12,0,1
BRDA:167,12,1,1
BRDA:179,13,0,0
BRDA:179,13,1,0
BRDA:193,14,0,1
BRDA:193,14,1,1
BRDA:205,15,0,1
BRDA:205,15,1,0
BRDA:219,16,0,1
BRDA:219,16,1,1
BRDA:231,17,0,0
BRDA:231,17,1,0
BRDA:248,18,0,1
BRDA:248,18,1,0
BRF:38
BRH:27
end_of_record
TN:
SF:src/services/legacy.service.ts
FN:26,(anonymous_0)
FN:34,(anonymous_1)
FN:49,(anonymous_2)
FN:64,(anonymous_3)
FN:79,(anonymous_4)
FN:95,(anonymous_5)
FN:110,(anonymous_6)
FN:125,(anonymous_7)
FN:140,(anonymous_8)
FN:155,(anonymous_9)
FN:170,(anonymous_10)
FNF:11
FNH:11
FNDA:48,(anonymous_0)
FNDA:9,(anonymous_1)
FNDA:4,(anonymous_2)
FNDA:3,(anonymous_3)
FNDA:3,(anonymous_4)
FNDA:4,(anonymous_5)
FNDA:3,(anonymous_6)
FNDA:3,(anonymous_7)
FNDA:3,(anonymous_8)
FNDA:3,(anonymous_9)
FNDA:2,(anonymous_10)
DA:15,1
DA:26,48
DA:35,9
DA:36,9
DA:37,2
DA:39,7
DA:50,4
DA:51,4
DA:52,2
DA:54,2
DA:65,3
DA:66,3
DA:67,2
DA:69,1
DA:80,3
DA:81,3
DA:82,1
DA:84,2
DA:96,4
DA:97,4
DA:98,2
DA:100,2
DA:111,3
DA:112,3
DA:113,1
DA:115,2
DA:126,3
DA:127,3
DA:128,1
DA:130,2
DA:141,3
DA:142,3
DA:143,1
DA:145,2
DA:156,3
DA:157,3
DA:158,2
DA:160,1
DA:171,2
LF:39
LH:39
BRDA:36,0,0,2
BRDA:36,0,1,7
BRDA:51,1,0,2
BRDA:51,1,1,2
BRDA:66,2,0,2
BRDA:66,2,1,1
BRDA:81,3,0,1
BRDA:81,3,1,2
BRDA:97,4,0,2
BRDA:97,4,1,2
BRDA:98,5,0,2
BRDA:98,5,1,1
BRDA:112,6,0,1
BRDA:112,6,1,2
BRDA:127,7,0,1
BRDA:127,7,1,2
BRDA:142,8,0,1
BRDA:142,8,1,2
BRDA:157,9,0,2
BRDA:157,9,1,1
BRF:20
BRH:20
end_of_record
TN:
SF:src/types/result.ts
FN:35,(anonymous_0)
FN:48,(anonymous_1)
FNF:2
FNH:2
FNDA:41,(anonymous_0)
FNDA:45,(anonymous_1)
DA:35,41
DA:48,45
LF:2
LH:2
BRF:0
BRH:0
end_of_record
TN:
SF:src/utils/utils.ts
FN:15,detectFramework
FNF:1
FNH:1
FNDA:21,detectFramework
DA:15,1
DA:16,21
DA:17,19
DA:18,13
DA:19,9
LF:5
LH:5
BRDA:16,0,0,2
BRDA:16,0,1,19
BRDA:16,1,0,21
BRDA:16,1,1,19
BRDA:17,2,0,6
BRDA:17,2,1,13
BRDA:18,3,0,4
BRDA:18,3,1,9
BRF:8
BRH:8
end_of_record
